<?xml version="1.0" encoding="UTF-8"?>
<testsuites>
  <testsuite name="Tests" tests="10" assertions="8" errors="0" failures="1" skipped="2" time="0.737042">
    <testsuite name="Tests\A_PreCheck\A_PreCheckTest" file="C:\Dateien\2_Arbeit\3_Subversion\O\oforge\oforge-core\Tests\A_PreCheck\A_PreCheckTest.php" tests="2" assertions="2" errors="0" failures="1" skipped="0" time="0.006000">
      <testcase name="testCheckIfFailedTestWorks" class="Tests\A_PreCheck\A_PreCheckTest" classname="Tests.A_PreCheck.A_PreCheckTest" file="C:\Dateien\2_Arbeit\3_Subversion\O\oforge\oforge-core\Tests\A_PreCheck\A_PreCheckTest.php" line="25" assertions="1" time="0.006000">
        <failure type="PHPUnit\Framework\ExpectationFailedException">Tests\A_PreCheck\A_PreCheckTest::testCheckIfFailedTestWorks
Failed asserting that two strings are identical.
--- Expected
+++ Actual
@@ @@
-'test'
+'test1'

C:\Dateien\2_Arbeit\3_Subversion\O\oforge\oforge-core\Tests\A_PreCheck\A_PreCheckTest.php:27
</failure>
      </testcase>
      <testcase name="testCheckIfPassedTestWorks" class="Tests\A_PreCheck\A_PreCheckTest" classname="Tests.A_PreCheck.A_PreCheckTest" file="C:\Dateien\2_Arbeit\3_Subversion\O\oforge\oforge-core\Tests\A_PreCheck\A_PreCheckTest.php" line="33" assertions="1" time="0.000000"/>
    </testsuite>
    <testsuite name="Tests\Auth\Services\AuthServiceTest" file="C:\Dateien\2_Arbeit\3_Subversion\O\oforge\oforge-core\Tests\Auth\Services\AuthServiceTest.php" tests="4" assertions="4" errors="0" failures="0" skipped="0" time="0.005000">
      <testcase name="testCanCreateJsonWebToken" class="Tests\Auth\Services\AuthServiceTest" classname="Tests.Auth.Services.AuthServiceTest" file="C:\Dateien\2_Arbeit\3_Subversion\O\oforge\oforge-core\Tests\Auth\Services\AuthServiceTest.php" line="22" assertions="1" time="0.001000"/>
      <testcase name="testCanDecodeJsonWebToken" class="Tests\Auth\Services\AuthServiceTest" classname="Tests.Auth.Services.AuthServiceTest" file="C:\Dateien\2_Arbeit\3_Subversion\O\oforge\oforge-core\Tests\Auth\Services\AuthServiceTest.php" line="36" assertions="1" time="0.000000"/>
      <testcase name="testCanCheckIfTokenIsValid" class="Tests\Auth\Services\AuthServiceTest" classname="Tests.Auth.Services.AuthServiceTest" file="C:\Dateien\2_Arbeit\3_Subversion\O\oforge\oforge-core\Tests\Auth\Services\AuthServiceTest.php" line="50" assertions="1" time="0.001000"/>
      <testcase name="testCanCheckIfTokenIsInvalid" class="Tests\Auth\Services\AuthServiceTest" classname="Tests.Auth.Services.AuthServiceTest" file="C:\Dateien\2_Arbeit\3_Subversion\O\oforge\oforge-core\Tests\Auth\Services\AuthServiceTest.php" line="64" assertions="1" time="0.003000"/>
    </testsuite>
    <testsuite name="Tests\Auth\Services\BackendLoginServiceTest" file="C:\Dateien\2_Arbeit\3_Subversion\O\oforge\oforge-core\Tests\Auth\Services\BackendLoginServiceTest.php" tests="2" assertions="2" errors="0" failures="0" skipped="0" time="0.726042">
      <testcase name="testUserCanLogin" class="Tests\Auth\Services\BackendLoginServiceTest" classname="Tests.Auth.Services.BackendLoginServiceTest" file="C:\Dateien\2_Arbeit\3_Subversion\O\oforge\oforge-core\Tests\Auth\Services\BackendLoginServiceTest.php" line="51" assertions="1" time="0.402023"/>
      <testcase name="testDeniesLoginWithWrongCredentials" class="Tests\Auth\Services\BackendLoginServiceTest" classname="Tests.Auth.Services.BackendLoginServiceTest" file="C:\Dateien\2_Arbeit\3_Subversion\O\oforge\oforge-core\Tests\Auth\Services\BackendLoginServiceTest.php" line="62" assertions="1" time="0.324019"/>
    </testsuite>
    <testsuite name="Tests\ConfigService\ConfigTest" file="C:\Dateien\2_Arbeit\3_Subversion\O\oforge\oforge-core\Tests\ConfigService\ConfigTest.php" tests="1" assertions="0" errors="0" failures="0" skipped="1" time="0.000000">
      <testcase name="testToBeDefined" class="Tests\ConfigService\ConfigTest" classname="Tests.ConfigService.ConfigTest" file="C:\Dateien\2_Arbeit\3_Subversion\O\oforge\oforge-core\Tests\ConfigService\ConfigTest.php" line="10" assertions="0" time="0.000000">
        <skipped/>
      </testcase>
    </testsuite>
    <testsuite name="Tests\Logger\LoggerTest" file="C:\Dateien\2_Arbeit\3_Subversion\O\oforge\oforge-core\Tests\Logger\LoggerTest.php" tests="1" assertions="0" errors="0" failures="0" skipped="1" time="0.000000">
      <testcase name="testToBeDefined" class="Tests\Logger\LoggerTest" classname="Tests.Logger.LoggerTest" file="C:\Dateien\2_Arbeit\3_Subversion\O\oforge\oforge-core\Tests\Logger\LoggerTest.php" line="10" assertions="0" time="0.000000">
        <skipped/>
      </testcase>
    </testsuite>
  </testsuite>
</testsuites>
