<?xml version="1.0" encoding="UTF-8"?>
<testsuites>
  <testsuite name="Tests" tests="5" assertions="5" errors="0" failures="2" skipped="0" time="0.010804">
    <testsuite name="Tests\Auth\Services\AuthServiceTest" file="C:\Users\Alexander Wegner\Projekte\oforge\oforge-core\Tests\Auth\Services\AuthServiceTest.php" tests="1" assertions="1" errors="0" failures="0" skipped="0" time="0.007507">
      <testcase name="testCanCreateJsonWebToken" class="Tests\Auth\Services\AuthServiceTest" classname="Tests.Auth.Services.AuthServiceTest" file="C:\Users\Alexander Wegner\Projekte\oforge\oforge-core\Tests\Auth\Services\AuthServiceTest.php" line="33" assertions="1" time="0.007507"/>
    </testsuite>
    <testsuite name="Tests\ConfigService\ConfigTest" file="C:\Users\Alexander Wegner\Projekte\oforge\oforge-core\Tests\ConfigService\ConfigTest.php" tests="2" assertions="2" errors="0" failures="1" skipped="0" time="0.002665">
      <testcase name="testFirst" class="Tests\ConfigService\ConfigTest" classname="Tests.ConfigService.ConfigTest" file="C:\Users\Alexander Wegner\Projekte\oforge\oforge-core\Tests\ConfigService\ConfigTest.php" line="10" assertions="1" time="0.002469">
        <failure type="PHPUnit\Framework\ExpectationFailedException">Tests\ConfigService\ConfigTest::testFirst
Failed asserting that two strings are identical.
--- Expected
+++ Actual
@@ @@
-'test'
+'test2'

C:\Users\Alexander Wegner\Projekte\oforge\oforge-core\Tests\ConfigService\ConfigTest.php:12
</failure>
      </testcase>
      <testcase name="testSecond" class="Tests\ConfigService\ConfigTest" classname="Tests.ConfigService.ConfigTest" file="C:\Users\Alexander Wegner\Projekte\oforge\oforge-core\Tests\ConfigService\ConfigTest.php" line="15" assertions="1" time="0.000196"/>
    </testsuite>
    <testsuite name="Tests\Logger\LoggerTest" file="C:\Users\Alexander Wegner\Projekte\oforge\oforge-core\Tests\Logger\LoggerTest.php" tests="2" assertions="2" errors="0" failures="1" skipped="0" time="0.000632">
      <testcase name="testFirst" class="Tests\Logger\LoggerTest" classname="Tests.Logger.LoggerTest" file="C:\Users\Alexander Wegner\Projekte\oforge\oforge-core\Tests\Logger\LoggerTest.php" line="10" assertions="1" time="0.000465">
        <failure type="PHPUnit\Framework\ExpectationFailedException">Tests\Logger\LoggerTest::testFirst
Failed asserting that two strings are identical.
--- Expected
+++ Actual
@@ @@
-'test'
+'test2'

C:\Users\Alexander Wegner\Projekte\oforge\oforge-core\Tests\Logger\LoggerTest.php:12
</failure>
      </testcase>
      <testcase name="testSecond" class="Tests\Logger\LoggerTest" classname="Tests.Logger.LoggerTest" file="C:\Users\Alexander Wegner\Projekte\oforge\oforge-core\Tests\Logger\LoggerTest.php" line="15" assertions="1" time="0.000167"/>
    </testsuite>
  </testsuite>
</testsuites>
